<?xml version="1.0" encoding="UTF-8" standalone="no"?>
<!DOCTYPE log SYSTEM "logger.dtd">
<log>
<record>
  <date>2018-12-19T17:12:51</date>
  <millis>1545214371088</millis>
  <sequence>0</sequence>
  <level>START</level>
  <class>com.kms.katalon.core.logging.KeywordLogger</class>
  <method>startSuite</method>
  <thread>1</thread>
  <message>Start Test Suite : Test Suites/Regression Execution/API/Verify common API</message>
  <nestedLevel>0</nestedLevel>
  <property name="name">Verify common API</property>
  <property name="description"></property>
  <property name="id">Test Suites/Regression Execution/API/Verify common API</property>
</record>
<record>
  <date>2018-12-19T17:12:51</date>
  <millis>1545214371119</millis>
  <sequence>1</sequence>
  <level>RUN_DATA</level>
  <class>com.kms.katalon.core.logging.KeywordLogger</class>
  <method>logMessage</method>
  <thread>1</thread>
  <message>Logging run data &amp;apos;hostName&amp;apos; with value &amp;apos;hungtran - GLKV1G2.kms.com.vn&amp;apos;</message>
  <nestedLevel>0</nestedLevel>
  <property name="hostName">hungtran - GLKV1G2.kms.com.vn</property>
</record>
<record>
  <date>2018-12-19T17:12:51</date>
  <millis>1545214371120</millis>
  <sequence>2</sequence>
  <level>RUN_DATA</level>
  <class>com.kms.katalon.core.logging.KeywordLogger</class>
  <method>logMessage</method>
  <thread>1</thread>
  <message>Logging run data &amp;apos;os&amp;apos; with value &amp;apos;Windows 10 64bit&amp;apos;</message>
  <nestedLevel>0</nestedLevel>
  <property name="os">Windows 10 64bit</property>
</record>
<record>
  <date>2018-12-19T17:12:51</date>
  <millis>1545214371121</millis>
  <sequence>3</sequence>
  <level>RUN_DATA</level>
  <class>com.kms.katalon.core.logging.KeywordLogger</class>
  <method>logMessage</method>
  <thread>1</thread>
  <message>Logging run data &amp;apos;hostAddress&amp;apos; with value &amp;apos;10.0.75.1&amp;apos;</message>
  <nestedLevel>0</nestedLevel>
  <property name="hostAddress">10.0.75.1</property>
</record>
<record>
  <date>2018-12-19T17:12:51</date>
  <millis>1545214371122</millis>
  <sequence>4</sequence>
  <level>RUN_DATA</level>
  <class>com.kms.katalon.core.logging.KeywordLogger</class>
  <method>logMessage</method>
  <thread>1</thread>
  <message>Logging run data &amp;apos;katalonVersion&amp;apos; with value &amp;apos;5.8.4.14&amp;apos;</message>
  <nestedLevel>0</nestedLevel>
  <property name="katalonVersion">5.8.4.14</property>
</record>
<record>
  <date>2018-12-19T17:12:51</date>
  <millis>1545214371445</millis>
  <sequence>5</sequence>
  <level>START</level>
  <class>com.kms.katalon.core.logging.KeywordLogger</class>
  <method>startTest</method>
  <thread>1</thread>
  <message>Start Test Case : Test Cases/Main Cases/Product Name/API/reqres/TC003_API_reqres_ChainAPI_users_validation_(using Test Data)</message>
  <nestedLevel>1</nestedLevel>
  <property name="name">Test Cases/Main Cases/Product Name/API/reqres/TC003_API_reqres_ChainAPI_users_validation_(using Test Data)</property>
  <property name="description"></property>
  <property name="id">Test Cases/Main Cases/Product Name/API/reqres/TC003_API_reqres_ChainAPI_users_validation_(using Test Data)</property>
  <property name="source">C:\\Users\\hungtran\\git\\demo-training\\Test Cases\\Main Cases\\Product Name\\API\\reqres\\TC003_API_reqres_ChainAPI_users_validation_(using Test Data).tc</property>
  <property name="isOptional">false</property>
</record>
<record>
  <date>2018-12-19T17:12:51</date>
  <millis>1545214371467</millis>
  <sequence>6</sequence>
  <level>INFO</level>
  <class>com.kms.katalon.core.logging.KeywordLogger</class>
  <method>logMessage</method>
  <thread>1</thread>
  <message>Evaluating variables for test case</message>
  <nestedLevel>1</nestedLevel>
</record>
<record>
  <date>2018-12-19T17:12:51</date>
  <millis>1545214371468</millis>
  <sequence>7</sequence>
  <level>INFO</level>
  <class>com.kms.katalon.core.logging.KeywordLogger</class>
  <method>logMessage</method>
  <thread>1</thread>
  <message>Variable &amp;apos;page&amp;apos; is set to 1</message>
  <nestedLevel>1</nestedLevel>
</record>
<record>
  <date>2018-12-19T17:12:51</date>
  <millis>1545214371469</millis>
  <sequence>8</sequence>
  <level>INFO</level>
  <class>com.kms.katalon.core.logging.KeywordLogger</class>
  <method>logMessage</method>
  <thread>1</thread>
  <message>Variable &amp;apos;per_page&amp;apos; is set to 3</message>
  <nestedLevel>1</nestedLevel>
</record>
<record>
  <date>2018-12-19T17:12:51</date>
  <millis>1545214371469</millis>
  <sequence>9</sequence>
  <level>INFO</level>
  <class>com.kms.katalon.core.logging.KeywordLogger</class>
  <method>logMessage</method>
  <thread>1</thread>
  <message>Variable &amp;apos;user_id&amp;apos; is set to 1</message>
  <nestedLevel>1</nestedLevel>
</record>
<record>
  <date>2018-12-19T17:12:51</date>
  <millis>1545214371469</millis>
  <sequence>10</sequence>
  <level>INFO</level>
  <class>com.kms.katalon.core.logging.KeywordLogger</class>
  <method>logMessage</method>
  <thread>1</thread>
  <message>Variable &amp;apos;first_name&amp;apos; is set to George</message>
  <nestedLevel>1</nestedLevel>
</record>
<record>
  <date>2018-12-19T17:12:51</date>
  <millis>1545214371470</millis>
  <sequence>11</sequence>
  <level>INFO</level>
  <class>com.kms.katalon.core.logging.KeywordLogger</class>
  <method>logMessage</method>
  <thread>1</thread>
  <message>Variable &amp;apos;last_name&amp;apos; is set to Bluth</message>
  <nestedLevel>1</nestedLevel>
</record>
<record>
  <date>2018-12-19T17:12:51</date>
  <millis>1545214371470</millis>
  <sequence>12</sequence>
  <level>INFO</level>
  <class>com.kms.katalon.core.logging.KeywordLogger</class>
  <method>logMessage</method>
  <thread>1</thread>
  <message>Variable &amp;apos;avatar&amp;apos; is set to https://s3.amazonaws.com/uifaces/faces/twitter/calebogden/128.jpg</message>
  <nestedLevel>1</nestedLevel>
</record>
<record>
  <date>2018-12-19T17:12:51</date>
  <millis>1545214371471</millis>
  <sequence>13</sequence>
  <level>INFO</level>
  <class>com.kms.katalon.core.logging.KeywordLogger</class>
  <method>logMessage</method>
  <thread>1</thread>
  <message>Variable &amp;apos;pos&amp;apos; is set to 0</message>
  <nestedLevel>1</nestedLevel>
</record>
<record>
  <date>2018-12-19T17:12:51</date>
  <millis>1545214371472</millis>
  <sequence>14</sequence>
  <level>START</level>
  <class>com.kms.katalon.core.logging.KeywordLogger</class>
  <method>startKeyword</method>
  <thread>1</thread>
  <message>Start listener action : beforeTestCase</message>
  <nestedLevel>1</nestedLevel>
</record>
<record>
  <date>2018-12-19T17:12:51</date>
  <millis>1545214371473</millis>
  <sequence>15</sequence>
  <level>INFO</level>
  <class>com.kms.katalon.core.logging.KeywordLogger</class>
  <method>logMessage</method>
  <thread>1</thread>
  <message>Starting invoke &amp;apos;com.kms.katalon.core.annotation.BeforeTestCase&amp;apos; method: &amp;apos;TestCaseListener.beforeTestCase(...)&amp;apos;</message>
  <nestedLevel>1</nestedLevel>
</record>
<record>
  <date>2018-12-19T17:12:51</date>
  <millis>1545214371490</millis>
  <sequence>16</sequence>
  <level>INFO</level>
  <class>com.kms.katalon.core.logging.KeywordLogger</class>
  <method>logMessage</method>
  <thread>1</thread>
  <message>Invoke &amp;apos;com.kms.katalon.core.annotation.BeforeTestCase&amp;apos; method: &amp;apos;TestCaseListener.beforeTestCase(...)&amp;apos; completed.</message>
  <nestedLevel>1</nestedLevel>
</record>
<record>
  <date>2018-12-19T17:12:51</date>
  <millis>1545214371491</millis>
  <sequence>17</sequence>
  <level>END</level>
  <class>com.kms.katalon.core.logging.KeywordLogger</class>
  <method>endKeyword</method>
  <thread>1</thread>
  <message>End listener action : beforeTestCase</message>
  <nestedLevel>1</nestedLevel>
</record>
<record>
  <date>2018-12-19T17:12:51</date>
  <millis>1545214371677</millis>
  <sequence>18</sequence>
  <level>START</level>
  <class>com.kms.katalon.core.logging.KeywordLogger</class>
  <method>startKeyword</method>
  <thread>1</thread>
  <message>Start action : Statement - responseListUsers = com.kms.katalon.core.webservice.keyword.WSBuiltInKeywords.sendRequest(com.kms.katalon.core.testobject.ObjectRepository.findTestObject(Web Service Object/Product Name/Chain_API/RESTful/reqres/GET_list_users, [URL:internal.GlobalVariable.G_reqres_URL, page:page]))</message>
  <nestedLevel>1</nestedLevel>
  <property name="startLine">17</property>
  <property name="stepIndex">1</property>
</record>
<record>
  <date>2018-12-19T17:12:51</date>
  <millis>1545214371692</millis>
  <sequence>19</sequence>
  <level>INFO</level>
  <class>com.kms.katalon.core.logging.KeywordLogger</class>
  <method>logMessage</method>
  <thread>1</thread>
  <message>Finding Test Object with id &amp;apos;Object Repository/Web Service Object/Product Name/Chain_API/RESTful/reqres/GET_list_users&amp;apos;</message>
  <nestedLevel>1</nestedLevel>
</record>
<record>
  <date>2018-12-19T17:12:51</date>
  <millis>1545214371746</millis>
  <sequence>20</sequence>
  <level>INFO</level>
  <class>com.kms.katalon.core.logging.KeywordLogger</class>
  <method>logMessage</method>
  <thread>1</thread>
  <message>Checking request object</message>
  <nestedLevel>1</nestedLevel>
</record>
<record>
  <date>2018-12-19T17:12:53</date>
  <millis>1545214373140</millis>
  <sequence>21</sequence>
  <level>PASSED</level>
  <class>com.kms.katalon.core.logging.KeywordLogger</class>
  <method>logMessage</method>
  <thread>1</thread>
  <message>Send request successfully</message>
  <nestedLevel>1</nestedLevel>
</record>
<record>
  <date>2018-12-19T17:12:53</date>
  <millis>1545214373141</millis>
  <sequence>22</sequence>
  <level>END</level>
  <class>com.kms.katalon.core.logging.KeywordLogger</class>
  <method>endKeyword</method>
  <thread>1</thread>
  <message>End action : Statement - responseListUsers = com.kms.katalon.core.webservice.keyword.WSBuiltInKeywords.sendRequest(com.kms.katalon.core.testobject.ObjectRepository.findTestObject(Web Service Object/Product Name/Chain_API/RESTful/reqres/GET_list_users, [URL:internal.GlobalVariable.G_reqres_URL, page:page]))</message>
  <nestedLevel>1</nestedLevel>
</record>
<record>
  <date>2018-12-19T17:12:53</date>
  <millis>1545214373142</millis>
  <sequence>23</sequence>
  <level>START</level>
  <class>com.kms.katalon.core.logging.KeywordLogger</class>
  <method>startKeyword</method>
  <thread>1</thread>
  <message>Start action : verifyResponseStatusCode</message>
  <nestedLevel>1</nestedLevel>
  <property name="startLine">21</property>
  <property name="stepIndex">2</property>
  <property name="description">Verify Status Code</property>
</record>
<record>
  <date>2018-12-19T17:12:53</date>
  <millis>1545214373154</millis>
  <sequence>24</sequence>
  <level>INFO</level>
  <class>com.kms.katalon.core.logging.KeywordLogger</class>
  <method>logMessage</method>
  <thread>1</thread>
  <message>Checking response object</message>
  <nestedLevel>1</nestedLevel>
</record>
<record>
  <date>2018-12-19T17:12:53</date>
  <millis>1545214373155</millis>
  <sequence>25</sequence>
  <level>PASSED</level>
  <class>com.kms.katalon.core.logging.KeywordLogger</class>
  <method>logMessage</method>
  <thread>1</thread>
  <message>Verify response status code successfully</message>
  <nestedLevel>1</nestedLevel>
</record>
<record>
  <date>2018-12-19T17:12:53</date>
  <millis>1545214373156</millis>
  <sequence>26</sequence>
  <level>END</level>
  <class>com.kms.katalon.core.logging.KeywordLogger</class>
  <method>endKeyword</method>
  <thread>1</thread>
  <message>End action : verifyResponseStatusCode</message>
  <nestedLevel>1</nestedLevel>
</record>
<record>
  <date>2018-12-19T17:12:53</date>
  <millis>1545214373157</millis>
  <sequence>27</sequence>
  <level>START</level>
  <class>com.kms.katalon.core.logging.KeywordLogger</class>
  <method>startKeyword</method>
  <thread>1</thread>
  <message>Start action : verifyElementPropertyValue</message>
  <nestedLevel>1</nestedLevel>
  <property name="startLine">24</property>
  <property name="stepIndex">3</property>
  <property name="description">Verify response result of users API</property>
</record>
<record>
  <date>2018-12-19T17:12:53</date>
  <millis>1545214373171</millis>
  <sequence>28</sequence>
  <level>INFO</level>
  <class>com.kms.katalon.core.logging.KeywordLogger</class>
  <method>logMessage</method>
  <thread>1</thread>
  <message>Checking response object</message>
  <nestedLevel>1</nestedLevel>
</record>
<record>
  <date>2018-12-19T17:12:53</date>
  <millis>1545214373214</millis>
  <sequence>29</sequence>
  <level>PASSED</level>
  <class>com.kms.katalon.core.logging.KeywordLogger</class>
  <method>logMessage</method>
  <thread>1</thread>
  <message>Verify element property value successfully</message>
  <nestedLevel>1</nestedLevel>
</record>
<record>
  <date>2018-12-19T17:12:53</date>
  <millis>1545214373215</millis>
  <sequence>30</sequence>
  <level>END</level>
  <class>com.kms.katalon.core.logging.KeywordLogger</class>
  <method>endKeyword</method>
  <thread>1</thread>
  <message>End action : verifyElementPropertyValue</message>
  <nestedLevel>1</nestedLevel>
</record>
<record>
  <date>2018-12-19T17:12:53</date>
  <millis>1545214373215</millis>
  <sequence>31</sequence>
  <level>START</level>
  <class>com.kms.katalon.core.logging.KeywordLogger</class>
  <method>startKeyword</method>
  <thread>1</thread>
  <message>Start action : verifyElementPropertyValue</message>
  <nestedLevel>1</nestedLevel>
  <property name="startLine">26</property>
  <property name="stepIndex">4</property>
</record>
<record>
  <date>2018-12-19T17:12:53</date>
  <millis>1545214373216</millis>
  <sequence>32</sequence>
  <level>INFO</level>
  <class>com.kms.katalon.core.logging.KeywordLogger</class>
  <method>logMessage</method>
  <thread>1</thread>
  <message>Checking response object</message>
  <nestedLevel>1</nestedLevel>
</record>
<record>
  <date>2018-12-19T17:12:53</date>
  <millis>1545214373237</millis>
  <sequence>33</sequence>
  <level>PASSED</level>
  <class>com.kms.katalon.core.logging.KeywordLogger</class>
  <method>logMessage</method>
  <thread>1</thread>
  <message>Verify element property value successfully</message>
  <nestedLevel>1</nestedLevel>
</record>
<record>
  <date>2018-12-19T17:12:53</date>
  <millis>1545214373238</millis>
  <sequence>34</sequence>
  <level>END</level>
  <class>com.kms.katalon.core.logging.KeywordLogger</class>
  <method>endKeyword</method>
  <thread>1</thread>
  <message>End action : verifyElementPropertyValue</message>
  <nestedLevel>1</nestedLevel>
</record>
<record>
  <date>2018-12-19T17:12:53</date>
  <millis>1545214373238</millis>
  <sequence>35</sequence>
  <level>START</level>
  <class>com.kms.katalon.core.logging.KeywordLogger</class>
  <method>startKeyword</method>
  <thread>1</thread>
  <message>Start action : verifyElementPropertyValue</message>
  <nestedLevel>1</nestedLevel>
  <property name="startLine">28</property>
  <property name="stepIndex">5</property>
</record>
<record>
  <date>2018-12-19T17:12:53</date>
  <millis>1545214373239</millis>
  <sequence>36</sequence>
  <level>INFO</level>
  <class>com.kms.katalon.core.logging.KeywordLogger</class>
  <method>logMessage</method>
  <thread>1</thread>
  <message>Checking response object</message>
  <nestedLevel>1</nestedLevel>
</record>
<record>
  <date>2018-12-19T17:12:53</date>
  <millis>1545214373257</millis>
  <sequence>37</sequence>
  <level>PASSED</level>
  <class>com.kms.katalon.core.logging.KeywordLogger</class>
  <method>logMessage</method>
  <thread>1</thread>
  <message>Verify element property value successfully</message>
  <nestedLevel>1</nestedLevel>
</record>
<record>
  <date>2018-12-19T17:12:53</date>
  <millis>1545214373258</millis>
  <sequence>38</sequence>
  <level>END</level>
  <class>com.kms.katalon.core.logging.KeywordLogger</class>
  <method>endKeyword</method>
  <thread>1</thread>
  <message>End action : verifyElementPropertyValue</message>
  <nestedLevel>1</nestedLevel>
</record>
<record>
  <date>2018-12-19T17:12:53</date>
  <millis>1545214373258</millis>
  <sequence>39</sequence>
  <level>START</level>
  <class>com.kms.katalon.core.logging.KeywordLogger</class>
  <method>startKeyword</method>
  <thread>1</thread>
  <message>Start action : verifyElementPropertyValue</message>
  <nestedLevel>1</nestedLevel>
  <property name="startLine">30</property>
  <property name="stepIndex">6</property>
</record>
<record>
  <date>2018-12-19T17:12:53</date>
  <millis>1545214373259</millis>
  <sequence>40</sequence>
  <level>INFO</level>
  <class>com.kms.katalon.core.logging.KeywordLogger</class>
  <method>logMessage</method>
  <thread>1</thread>
  <message>Checking response object</message>
  <nestedLevel>1</nestedLevel>
</record>
<record>
  <date>2018-12-19T17:12:53</date>
  <millis>1545214373275</millis>
  <sequence>41</sequence>
  <level>PASSED</level>
  <class>com.kms.katalon.core.logging.KeywordLogger</class>
  <method>logMessage</method>
  <thread>1</thread>
  <message>Verify element property value successfully</message>
  <nestedLevel>1</nestedLevel>
</record>
<record>
  <date>2018-12-19T17:12:53</date>
  <millis>1545214373276</millis>
  <sequence>42</sequence>
  <level>END</level>
  <class>com.kms.katalon.core.logging.KeywordLogger</class>
  <method>endKeyword</method>
  <thread>1</thread>
  <message>End action : verifyElementPropertyValue</message>
  <nestedLevel>1</nestedLevel>
</record>
<record>
  <date>2018-12-19T17:12:53</date>
  <millis>1545214373276</millis>
  <sequence>43</sequence>
  <level>START</level>
  <class>com.kms.katalon.core.logging.KeywordLogger</class>
  <method>startKeyword</method>
  <thread>1</thread>
  <message>Start action : verifyElementPropertyValue</message>
  <nestedLevel>1</nestedLevel>
  <property name="startLine">32</property>
  <property name="stepIndex">7</property>
</record>
<record>
  <date>2018-12-19T17:12:53</date>
  <millis>1545214373277</millis>
  <sequence>44</sequence>
  <level>INFO</level>
  <class>com.kms.katalon.core.logging.KeywordLogger</class>
  <method>logMessage</method>
  <thread>1</thread>
  <message>Checking response object</message>
  <nestedLevel>1</nestedLevel>
</record>
<record>
  <date>2018-12-19T17:12:53</date>
  <millis>1545214373293</millis>
  <sequence>45</sequence>
  <level>PASSED</level>
  <class>com.kms.katalon.core.logging.KeywordLogger</class>
  <method>logMessage</method>
  <thread>1</thread>
  <message>Verify element property value successfully</message>
  <nestedLevel>1</nestedLevel>
</record>
<record>
  <date>2018-12-19T17:12:53</date>
  <millis>1545214373294</millis>
  <sequence>46</sequence>
  <level>END</level>
  <class>com.kms.katalon.core.logging.KeywordLogger</class>
  <method>endKeyword</method>
  <thread>1</thread>
  <message>End action : verifyElementPropertyValue</message>
  <nestedLevel>1</nestedLevel>
</record>
<record>
  <date>2018-12-19T17:12:53</date>
  <millis>1545214373294</millis>
  <sequence>47</sequence>
  <level>START</level>
  <class>com.kms.katalon.core.logging.KeywordLogger</class>
  <method>startKeyword</method>
  <thread>1</thread>
  <message>Start action : Statement - responseUser = com.kms.katalon.core.webservice.keyword.WSBuiltInKeywords.sendRequest(com.kms.katalon.core.testobject.ObjectRepository.findTestObject(Web Service Object/Product Name/Chain_API/RESTful/reqres/GET_single_user, [URL:internal.GlobalVariable.G_reqres_URL, user_id:user_id]))</message>
  <nestedLevel>1</nestedLevel>
  <property name="startLine">34</property>
  <property name="stepIndex">8</property>
</record>
<record>
  <date>2018-12-19T17:12:53</date>
  <millis>1545214373296</millis>
  <sequence>48</sequence>
  <level>INFO</level>
  <class>com.kms.katalon.core.logging.KeywordLogger</class>
  <method>logMessage</method>
  <thread>1</thread>
  <message>Finding Test Object with id &amp;apos;Object Repository/Web Service Object/Product Name/Chain_API/RESTful/reqres/GET_single_user&amp;apos;</message>
  <nestedLevel>1</nestedLevel>
</record>
<record>
  <date>2018-12-19T17:12:53</date>
  <millis>1545214373300</millis>
  <sequence>49</sequence>
  <level>INFO</level>
  <class>com.kms.katalon.core.logging.KeywordLogger</class>
  <method>logMessage</method>
  <thread>1</thread>
  <message>Checking request object</message>
  <nestedLevel>1</nestedLevel>
</record>
<record>
  <date>2018-12-19T17:12:54</date>
  <millis>1545214374065</millis>
  <sequence>50</sequence>
  <level>PASSED</level>
  <class>com.kms.katalon.core.logging.KeywordLogger</class>
  <method>logMessage</method>
  <thread>1</thread>
  <message>Send request successfully</message>
  <nestedLevel>1</nestedLevel>
</record>
<record>
  <date>2018-12-19T17:12:54</date>
  <millis>1545214374066</millis>
  <sequence>51</sequence>
  <level>END</level>
  <class>com.kms.katalon.core.logging.KeywordLogger</class>
  <method>endKeyword</method>
  <thread>1</thread>
  <message>End action : Statement - responseUser = com.kms.katalon.core.webservice.keyword.WSBuiltInKeywords.sendRequest(com.kms.katalon.core.testobject.ObjectRepository.findTestObject(Web Service Object/Product Name/Chain_API/RESTful/reqres/GET_single_user, [URL:internal.GlobalVariable.G_reqres_URL, user_id:user_id]))</message>
  <nestedLevel>1</nestedLevel>
</record>
<record>
  <date>2018-12-19T17:12:54</date>
  <millis>1545214374067</millis>
  <sequence>52</sequence>
  <level>START</level>
  <class>com.kms.katalon.core.logging.KeywordLogger</class>
  <method>startKeyword</method>
  <thread>1</thread>
  <message>Start action : verifyResponseStatusCode</message>
  <nestedLevel>1</nestedLevel>
  <property name="startLine">38</property>
  <property name="stepIndex">9</property>
  <property name="description">Verify Status Code</property>
</record>
<record>
  <date>2018-12-19T17:12:54</date>
  <millis>1545214374068</millis>
  <sequence>53</sequence>
  <level>INFO</level>
  <class>com.kms.katalon.core.logging.KeywordLogger</class>
  <method>logMessage</method>
  <thread>1</thread>
  <message>Checking response object</message>
  <nestedLevel>1</nestedLevel>
</record>
<record>
  <date>2018-12-19T17:12:54</date>
  <millis>1545214374069</millis>
  <sequence>54</sequence>
  <level>PASSED</level>
  <class>com.kms.katalon.core.logging.KeywordLogger</class>
  <method>logMessage</method>
  <thread>1</thread>
  <message>Verify response status code successfully</message>
  <nestedLevel>1</nestedLevel>
</record>
<record>
  <date>2018-12-19T17:12:54</date>
  <millis>1545214374070</millis>
  <sequence>55</sequence>
  <level>END</level>
  <class>com.kms.katalon.core.logging.KeywordLogger</class>
  <method>endKeyword</method>
  <thread>1</thread>
  <message>End action : verifyResponseStatusCode</message>
  <nestedLevel>1</nestedLevel>
</record>
<record>
  <date>2018-12-19T17:12:54</date>
  <millis>1545214374070</millis>
  <sequence>56</sequence>
  <level>START</level>
  <class>com.kms.katalon.core.logging.KeywordLogger</class>
  <method>startKeyword</method>
  <thread>1</thread>
  <message>Start action : verifyElementPropertyValue</message>
  <nestedLevel>1</nestedLevel>
  <property name="startLine">42</property>
  <property name="stepIndex">10</property>
  <property name="description">Verify response result of single user API</property>
</record>
<record>
  <date>2018-12-19T17:12:54</date>
  <millis>1545214374071</millis>
  <sequence>57</sequence>
  <level>INFO</level>
  <class>com.kms.katalon.core.logging.KeywordLogger</class>
  <method>logMessage</method>
  <thread>1</thread>
  <message>Checking response object</message>
  <nestedLevel>1</nestedLevel>
</record>
<record>
  <date>2018-12-19T17:12:54</date>
  <millis>1545214374087</millis>
  <sequence>58</sequence>
  <level>PASSED</level>
  <class>com.kms.katalon.core.logging.KeywordLogger</class>
  <method>logMessage</method>
  <thread>1</thread>
  <message>Verify element property value successfully</message>
  <nestedLevel>1</nestedLevel>
</record>
<record>
  <date>2018-12-19T17:12:54</date>
  <millis>1545214374088</millis>
  <sequence>59</sequence>
  <level>END</level>
  <class>com.kms.katalon.core.logging.KeywordLogger</class>
  <method>endKeyword</method>
  <thread>1</thread>
  <message>End action : verifyElementPropertyValue</message>
  <nestedLevel>1</nestedLevel>
</record>
<record>
  <date>2018-12-19T17:12:54</date>
  <millis>1545214374088</millis>
  <sequence>60</sequence>
  <level>START</level>
  <class>com.kms.katalon.core.logging.KeywordLogger</class>
  <method>startKeyword</method>
  <thread>1</thread>
  <message>Start action : verifyElementPropertyValue</message>
  <nestedLevel>1</nestedLevel>
  <property name="startLine">44</property>
  <property name="stepIndex">11</property>
</record>
<record>
  <date>2018-12-19T17:12:54</date>
  <millis>1545214374089</millis>
  <sequence>61</sequence>
  <level>INFO</level>
  <class>com.kms.katalon.core.logging.KeywordLogger</class>
  <method>logMessage</method>
  <thread>1</thread>
  <message>Checking response object</message>
  <nestedLevel>1</nestedLevel>
</record>
<record>
  <date>2018-12-19T17:12:54</date>
  <millis>1545214374105</millis>
  <sequence>62</sequence>
  <level>PASSED</level>
  <class>com.kms.katalon.core.logging.KeywordLogger</class>
  <method>logMessage</method>
  <thread>1</thread>
  <message>Verify element property value successfully</message>
  <nestedLevel>1</nestedLevel>
</record>
<record>
  <date>2018-12-19T17:12:54</date>
  <millis>1545214374106</millis>
  <sequence>63</sequence>
  <level>END</level>
  <class>com.kms.katalon.core.logging.KeywordLogger</class>
  <method>endKeyword</method>
  <thread>1</thread>
  <message>End action : verifyElementPropertyValue</message>
  <nestedLevel>1</nestedLevel>
</record>
<record>
  <date>2018-12-19T17:12:54</date>
  <millis>1545214374106</millis>
  <sequence>64</sequence>
  <level>START</level>
  <class>com.kms.katalon.core.logging.KeywordLogger</class>
  <method>startKeyword</method>
  <thread>1</thread>
  <message>Start action : verifyElementPropertyValue</message>
  <nestedLevel>1</nestedLevel>
  <property name="startLine">46</property>
  <property name="stepIndex">12</property>
</record>
<record>
  <date>2018-12-19T17:12:54</date>
  <millis>1545214374107</millis>
  <sequence>65</sequence>
  <level>INFO</level>
  <class>com.kms.katalon.core.logging.KeywordLogger</class>
  <method>logMessage</method>
  <thread>1</thread>
  <message>Checking response object</message>
  <nestedLevel>1</nestedLevel>
</record>
<record>
  <date>2018-12-19T17:12:54</date>
  <millis>1545214374119</millis>
  <sequence>66</sequence>
  <level>PASSED</level>
  <class>com.kms.katalon.core.logging.KeywordLogger</class>
  <method>logMessage</method>
  <thread>1</thread>
  <message>Verify element property value successfully</message>
  <nestedLevel>1</nestedLevel>
</record>
<record>
  <date>2018-12-19T17:12:54</date>
  <millis>1545214374120</millis>
  <sequence>67</sequence>
  <level>END</level>
  <class>com.kms.katalon.core.logging.KeywordLogger</class>
  <method>endKeyword</method>
  <thread>1</thread>
  <message>End action : verifyElementPropertyValue</message>
  <nestedLevel>1</nestedLevel>
</record>
<record>
  <date>2018-12-19T17:12:54</date>
  <millis>1545214374121</millis>
  <sequence>68</sequence>
  <level>START</level>
  <class>com.kms.katalon.core.logging.KeywordLogger</class>
  <method>startKeyword</method>
  <thread>1</thread>
  <message>Start action : verifyElementPropertyValue</message>
  <nestedLevel>1</nestedLevel>
  <property name="startLine">48</property>
  <property name="stepIndex">13</property>
</record>
<record>
  <date>2018-12-19T17:12:54</date>
  <millis>1545214374121</millis>
  <sequence>69</sequence>
  <level>INFO</level>
  <class>com.kms.katalon.core.logging.KeywordLogger</class>
  <method>logMessage</method>
  <thread>1</thread>
  <message>Checking response object</message>
  <nestedLevel>1</nestedLevel>
</record>
<record>
  <date>2018-12-19T17:12:54</date>
  <millis>1545214374139</millis>
  <sequence>70</sequence>
  <level>PASSED</level>
  <class>com.kms.katalon.core.logging.KeywordLogger</class>
  <method>logMessage</method>
  <thread>1</thread>
  <message>Verify element property value successfully</message>
  <nestedLevel>1</nestedLevel>
</record>
<record>
  <date>2018-12-19T17:12:54</date>
  <millis>1545214374140</millis>
  <sequence>71</sequence>
  <level>END</level>
  <class>com.kms.katalon.core.logging.KeywordLogger</class>
  <method>endKeyword</method>
  <thread>1</thread>
  <message>End action : verifyElementPropertyValue</message>
  <nestedLevel>1</nestedLevel>
</record>
<record>
  <date>2018-12-19T17:12:54</date>
  <millis>1545214374140</millis>
  <sequence>72</sequence>
  <level>PASSED</level>
  <class>com.kms.katalon.core.logging.KeywordLogger</class>
  <method>logMessage</method>
  <thread>1</thread>
  <message>Test Cases/Main Cases/Product Name/API/reqres/TC003_API_reqres_ChainAPI_users_validation_(using Test Data)</message>
  <nestedLevel>1</nestedLevel>
</record>
<record>
  <date>2018-12-19T17:12:54</date>
  <millis>1545214374141</millis>
  <sequence>73</sequence>
  <level>START</level>
  <class>com.kms.katalon.core.logging.KeywordLogger</class>
  <method>startKeyword</method>
  <thread>1</thread>
  <message>Start listener action : afterTestCase</message>
  <nestedLevel>1</nestedLevel>
</record>
<record>
  <date>2018-12-19T17:12:54</date>
  <millis>1545214374141</millis>
  <sequence>74</sequence>
  <level>INFO</level>
  <class>com.kms.katalon.core.logging.KeywordLogger</class>
  <method>logMessage</method>
  <thread>1</thread>
  <message>Starting invoke &amp;apos;com.kms.katalon.core.annotation.AfterTestCase&amp;apos; method: &amp;apos;TestCaseListener.afterTestCase(...)&amp;apos;</message>
  <nestedLevel>1</nestedLevel>
</record>
<record>
  <date>2018-12-19T17:12:54</date>
  <millis>1545214374142</millis>
  <sequence>75</sequence>
  <level>INFO</level>
  <class>com.kms.katalon.core.logging.KeywordLogger</class>
  <method>logMessage</method>
  <thread>1</thread>
  <message>Invoke &amp;apos;com.kms.katalon.core.annotation.AfterTestCase&amp;apos; method: &amp;apos;TestCaseListener.afterTestCase(...)&amp;apos; completed.</message>
  <nestedLevel>1</nestedLevel>
</record>
<record>
  <date>2018-12-19T17:12:54</date>
  <millis>1545214374142</millis>
  <sequence>76</sequence>
  <level>END</level>
  <class>com.kms.katalon.core.logging.KeywordLogger</class>
  <method>endKeyword</method>
  <thread>1</thread>
  <message>End listener action : afterTestCase</message>
  <nestedLevel>1</nestedLevel>
</record>
<record>
  <date>2018-12-19T17:12:54</date>
  <millis>1545214374142</millis>
  <sequence>77</sequence>
  <level>END</level>
  <class>com.kms.katalon.core.logging.KeywordLogger</class>
  <method>endTest</method>
  <thread>1</thread>
  <message>End Test Case : Test Cases/Main Cases/Product Name/API/reqres/TC003_API_reqres_ChainAPI_users_validation_(using Test Data)</message>
  <nestedLevel>0</nestedLevel>
</record>
<record>
  <date>2018-12-19T17:12:54</date>
  <millis>1545214374147</millis>
  <sequence>78</sequence>
  <level>START</level>
  <class>com.kms.katalon.core.logging.KeywordLogger</class>
  <method>startTest</method>
  <thread>1</thread>
  <message>Start Test Case : Test Cases/Main Cases/Product Name/API/reqres/TC003_API_reqres_ChainAPI_users_validation_(using Test Data)</message>
  <nestedLevel>1</nestedLevel>
  <property name="name">Test Cases/Main Cases/Product Name/API/reqres/TC003_API_reqres_ChainAPI_users_validation_(using Test Data)</property>
  <property name="description"></property>
  <property name="id">Test Cases/Main Cases/Product Name/API/reqres/TC003_API_reqres_ChainAPI_users_validation_(using Test Data)</property>
  <property name="source">C:\\Users\\hungtran\\git\\demo-training\\Test Cases\\Main Cases\\Product Name\\API\\reqres\\TC003_API_reqres_ChainAPI_users_validation_(using Test Data).tc</property>
  <property name="isOptional">false</property>
</record>
<record>
  <date>2018-12-19T17:12:54</date>
  <millis>1545214374162</millis>
  <sequence>79</sequence>
  <level>INFO</level>
  <class>com.kms.katalon.core.logging.KeywordLogger</class>
  <method>logMessage</method>
  <thread>1</thread>
  <message>Evaluating variables for test case</message>
  <nestedLevel>1</nestedLevel>
</record>
<record>
  <date>2018-12-19T17:12:54</date>
  <millis>1545214374162</millis>
  <sequence>80</sequence>
  <level>INFO</level>
  <class>com.kms.katalon.core.logging.KeywordLogger</class>
  <method>logMessage</method>
  <thread>1</thread>
  <message>Variable &amp;apos;page&amp;apos; is set to 1</message>
  <nestedLevel>1</nestedLevel>
</record>
<record>
  <date>2018-12-19T17:12:54</date>
  <millis>1545214374163</millis>
  <sequence>81</sequence>
  <level>INFO</level>
  <class>com.kms.katalon.core.logging.KeywordLogger</class>
  <method>logMessage</method>
  <thread>1</thread>
  <message>Variable &amp;apos;per_page&amp;apos; is set to 3</message>
  <nestedLevel>1</nestedLevel>
</record>
<record>
  <date>2018-12-19T17:12:54</date>
  <millis>1545214374163</millis>
  <sequence>82</sequence>
  <level>INFO</level>
  <class>com.kms.katalon.core.logging.KeywordLogger</class>
  <method>logMessage</method>
  <thread>1</thread>
  <message>Variable &amp;apos;user_id&amp;apos; is set to 2</message>
  <nestedLevel>1</nestedLevel>
</record>
<record>
  <date>2018-12-19T17:12:54</date>
  <millis>1545214374163</millis>
  <sequence>83</sequence>
  <level>INFO</level>
  <class>com.kms.katalon.core.logging.KeywordLogger</class>
  <method>logMessage</method>
  <thread>1</thread>
  <message>Variable &amp;apos;first_name&amp;apos; is set to Janet</message>
  <nestedLevel>1</nestedLevel>
</record>
<record>
  <date>2018-12-19T17:12:54</date>
  <millis>1545214374164</millis>
  <sequence>84</sequence>
  <level>INFO</level>
  <class>com.kms.katalon.core.logging.KeywordLogger</class>
  <method>logMessage</method>
  <thread>1</thread>
  <message>Variable &amp;apos;last_name&amp;apos; is set to Weaver</message>
  <nestedLevel>1</nestedLevel>
</record>
<record>
  <date>2018-12-19T17:12:54</date>
  <millis>1545214374164</millis>
  <sequence>85</sequence>
  <level>INFO</level>
  <class>com.kms.katalon.core.logging.KeywordLogger</class>
  <method>logMessage</method>
  <thread>1</thread>
  <message>Variable &amp;apos;avatar&amp;apos; is set to https://s3.amazonaws.com/uifaces/faces/twitter/josephstein/128.jpg</message>
  <nestedLevel>1</nestedLevel>
</record>
<record>
  <date>2018-12-19T17:12:54</date>
  <millis>1545214374164</millis>
  <sequence>86</sequence>
  <level>INFO</level>
  <class>com.kms.katalon.core.logging.KeywordLogger</class>
  <method>logMessage</method>
  <thread>1</thread>
  <message>Variable &amp;apos;pos&amp;apos; is set to 1</message>
  <nestedLevel>1</nestedLevel>
</record>
<record>
  <date>2018-12-19T17:12:54</date>
  <millis>1545214374165</millis>
  <sequence>87</sequence>
  <level>START</level>
  <class>com.kms.katalon.core.logging.KeywordLogger</class>
  <method>startKeyword</method>
  <thread>1</thread>
  <message>Start listener action : beforeTestCase</message>
  <nestedLevel>1</nestedLevel>
</record>
<record>
  <date>2018-12-19T17:12:54</date>
  <millis>1545214374165</millis>
  <sequence>88</sequence>
  <level>INFO</level>
  <class>com.kms.katalon.core.logging.KeywordLogger</class>
  <method>logMessage</method>
  <thread>1</thread>
  <message>Starting invoke &amp;apos;com.kms.katalon.core.annotation.BeforeTestCase&amp;apos; method: &amp;apos;TestCaseListener.beforeTestCase(...)&amp;apos;</message>
  <nestedLevel>1</nestedLevel>
</record>
<record>
  <date>2018-12-19T17:12:54</date>
  <millis>1545214374165</millis>
  <sequence>89</sequence>
  <level>INFO</level>
  <class>com.kms.katalon.core.logging.KeywordLogger</class>
  <method>logMessage</method>
  <thread>1</thread>
  <message>Invoke &amp;apos;com.kms.katalon.core.annotation.BeforeTestCase&amp;apos; method: &amp;apos;TestCaseListener.beforeTestCase(...)&amp;apos; completed.</message>
  <nestedLevel>1</nestedLevel>
</record>
<record>
  <date>2018-12-19T17:12:54</date>
  <millis>1545214374165</millis>
  <sequence>90</sequence>
  <level>END</level>
  <class>com.kms.katalon.core.logging.KeywordLogger</class>
  <method>endKeyword</method>
  <thread>1</thread>
  <message>End listener action : beforeTestCase</message>
  <nestedLevel>1</nestedLevel>
</record>
<record>
  <date>2018-12-19T17:12:54</date>
  <millis>1545214374167</millis>
  <sequence>91</sequence>
  <level>START</level>
  <class>com.kms.katalon.core.logging.KeywordLogger</class>
  <method>startKeyword</method>
  <thread>1</thread>
  <message>Start action : Statement - responseListUsers = com.kms.katalon.core.webservice.keyword.WSBuiltInKeywords.sendRequest(com.kms.katalon.core.testobject.ObjectRepository.findTestObject(Web Service Object/Product Name/Chain_API/RESTful/reqres/GET_list_users, [URL:internal.GlobalVariable.G_reqres_URL, page:page]))</message>
  <nestedLevel>1</nestedLevel>
  <property name="startLine">17</property>
  <property name="stepIndex">1</property>
</record>
<record>
  <date>2018-12-19T17:12:54</date>
  <millis>1545214374168</millis>
  <sequence>92</sequence>
  <level>INFO</level>
  <class>com.kms.katalon.core.logging.KeywordLogger</class>
  <method>logMessage</method>
  <thread>1</thread>
  <message>Finding Test Object with id &amp;apos;Object Repository/Web Service Object/Product Name/Chain_API/RESTful/reqres/GET_list_users&amp;apos;</message>
  <nestedLevel>1</nestedLevel>
</record>
<record>
  <date>2018-12-19T17:12:54</date>
  <millis>1545214374172</millis>
  <sequence>93</sequence>
  <level>INFO</level>
  <class>com.kms.katalon.core.logging.KeywordLogger</class>
  <method>logMessage</method>
  <thread>1</thread>
  <message>Checking request object</message>
  <nestedLevel>1</nestedLevel>
</record>
<record>
  <date>2018-12-19T17:12:54</date>
  <millis>1545214374818</millis>
  <sequence>94</sequence>
  <level>PASSED</level>
  <class>com.kms.katalon.core.logging.KeywordLogger</class>
  <method>logMessage</method>
  <thread>1</thread>
  <message>Send request successfully</message>
  <nestedLevel>1</nestedLevel>
</record>
<record>
  <date>2018-12-19T17:12:54</date>
  <millis>1545214374820</millis>
  <sequence>95</sequence>
  <level>END</level>
  <class>com.kms.katalon.core.logging.KeywordLogger</class>
  <method>endKeyword</method>
  <thread>1</thread>
  <message>End action : Statement - responseListUsers = com.kms.katalon.core.webservice.keyword.WSBuiltInKeywords.sendRequest(com.kms.katalon.core.testobject.ObjectRepository.findTestObject(Web Service Object/Product Name/Chain_API/RESTful/reqres/GET_list_users, [URL:internal.GlobalVariable.G_reqres_URL, page:page]))</message>
  <nestedLevel>1</nestedLevel>
</record>
<record>
  <date>2018-12-19T17:12:54</date>
  <millis>1545214374821</millis>
  <sequence>96</sequence>
  <level>START</level>
  <class>com.kms.katalon.core.logging.KeywordLogger</class>
  <method>startKeyword</method>
  <thread>1</thread>
  <message>Start action : verifyResponseStatusCode</message>
  <nestedLevel>1</nestedLevel>
  <property name="startLine">21</property>
  <property name="stepIndex">2</property>
  <property name="description">Verify Status Code</property>
</record>
<record>
  <date>2018-12-19T17:12:54</date>
  <millis>1545214374823</millis>
  <sequence>97</sequence>
  <level>INFO</level>
  <class>com.kms.katalon.core.logging.KeywordLogger</class>
  <method>logMessage</method>
  <thread>1</thread>
  <message>Checking response object</message>
  <nestedLevel>1</nestedLevel>
</record>
<record>
  <date>2018-12-19T17:12:54</date>
  <millis>1545214374824</millis>
  <sequence>98</sequence>
  <level>PASSED</level>
  <class>com.kms.katalon.core.logging.KeywordLogger</class>
  <method>logMessage</method>
  <thread>1</thread>
  <message>Verify response status code successfully</message>
  <nestedLevel>1</nestedLevel>
</record>
<record>
  <date>2018-12-19T17:12:54</date>
  <millis>1545214374825</millis>
  <sequence>99</sequence>
  <level>END</level>
  <class>com.kms.katalon.core.logging.KeywordLogger</class>
  <method>endKeyword</method>
  <thread>1</thread>
  <message>End action : verifyResponseStatusCode</message>
  <nestedLevel>1</nestedLevel>
</record>
<record>
  <date>2018-12-19T17:12:54</date>
  <millis>1545214374826</millis>
  <sequence>100</sequence>
  <level>START</level>
  <class>com.kms.katalon.core.logging.KeywordLogger</class>
  <method>startKeyword</method>
  <thread>1</thread>
  <message>Start action : verifyElementPropertyValue</message>
  <nestedLevel>1</nestedLevel>
  <property name="startLine">24</property>
  <property name="stepIndex">3</property>
  <property name="description">Verify response result of users API</property>
</record>
<record>
  <date>2018-12-19T17:12:54</date>
  <millis>1545214374828</millis>
  <sequence>101</sequence>
  <level>INFO</level>
  <class>com.kms.katalon.core.logging.KeywordLogger</class>
  <method>logMessage</method>
  <thread>1</thread>
  <message>Checking response object</message>
  <nestedLevel>1</nestedLevel>
</record>
<record>
  <date>2018-12-19T17:12:54</date>
  <millis>1545214374864</millis>
  <sequence>102</sequence>
  <level>PASSED</level>
  <class>com.kms.katalon.core.logging.KeywordLogger</class>
  <method>logMessage</method>
  <thread>1</thread>
  <message>Verify element property value successfully</message>
  <nestedLevel>1</nestedLevel>
</record>
<record>
  <date>2018-12-19T17:12:54</date>
  <millis>1545214374865</millis>
  <sequence>103</sequence>
  <level>END</level>
  <class>com.kms.katalon.core.logging.KeywordLogger</class>
  <method>endKeyword</method>
  <thread>1</thread>
  <message>End action : verifyElementPropertyValue</message>
  <nestedLevel>1</nestedLevel>
</record>
<record>
  <date>2018-12-19T17:12:54</date>
  <millis>1545214374865</millis>
  <sequence>104</sequence>
  <level>START</level>
  <class>com.kms.katalon.core.logging.KeywordLogger</class>
  <method>startKeyword</method>
  <thread>1</thread>
  <message>Start action : verifyElementPropertyValue</message>
  <nestedLevel>1</nestedLevel>
  <property name="startLine">26</property>
  <property name="stepIndex">4</property>
</record>
<record>
  <date>2018-12-19T17:12:54</date>
  <millis>1545214374866</millis>
  <sequence>105</sequence>
  <level>INFO</level>
  <class>com.kms.katalon.core.logging.KeywordLogger</class>
  <method>logMessage</method>
  <thread>1</thread>
  <message>Checking response object</message>
  <nestedLevel>1</nestedLevel>
</record>
<record>
  <date>2018-12-19T17:12:54</date>
  <millis>1545214374884</millis>
  <sequence>106</sequence>
  <level>PASSED</level>
  <class>com.kms.katalon.core.logging.KeywordLogger</class>
  <method>logMessage</method>
  <thread>1</thread>
  <message>Verify element property value successfully</message>
  <nestedLevel>1</nestedLevel>
</record>
<record>
  <date>2018-12-19T17:12:54</date>
  <millis>1545214374885</millis>
  <sequence>107</sequence>
  <level>END</level>
  <class>com.kms.katalon.core.logging.KeywordLogger</class>
  <method>endKeyword</method>
  <thread>1</thread>
  <message>End action : verifyElementPropertyValue</message>
  <nestedLevel>1</nestedLevel>
</record>
<record>
  <date>2018-12-19T17:12:54</date>
  <millis>1545214374885</millis>
  <sequence>108</sequence>
  <level>START</level>
  <class>com.kms.katalon.core.logging.KeywordLogger</class>
  <method>startKeyword</method>
  <thread>1</thread>
  <message>Start action : verifyElementPropertyValue</message>
  <nestedLevel>1</nestedLevel>
  <property name="startLine">28</property>
  <property name="stepIndex">5</property>
</record>
<record>
  <date>2018-12-19T17:12:54</date>
  <millis>1545214374886</millis>
  <sequence>109</sequence>
  <level>INFO</level>
  <class>com.kms.katalon.core.logging.KeywordLogger</class>
  <method>logMessage</method>
  <thread>1</thread>
  <message>Checking response object</message>
  <nestedLevel>1</nestedLevel>
</record>
<record>
  <date>2018-12-19T17:12:54</date>
  <millis>1545214374898</millis>
  <sequence>110</sequence>
  <level>PASSED</level>
  <class>com.kms.katalon.core.logging.KeywordLogger</class>
  <method>logMessage</method>
  <thread>1</thread>
  <message>Verify element property value successfully</message>
  <nestedLevel>1</nestedLevel>
</record>
<record>
  <date>2018-12-19T17:12:54</date>
  <millis>1545214374898</millis>
  <sequence>111</sequence>
  <level>END</level>
  <class>com.kms.katalon.core.logging.KeywordLogger</class>
  <method>endKeyword</method>
  <thread>1</thread>
  <message>End action : verifyElementPropertyValue</message>
  <nestedLevel>1</nestedLevel>
</record>
<record>
  <date>2018-12-19T17:12:54</date>
  <millis>1545214374899</millis>
  <sequence>112</sequence>
  <level>START</level>
  <class>com.kms.katalon.core.logging.KeywordLogger</class>
  <method>startKeyword</method>
  <thread>1</thread>
  <message>Start action : verifyElementPropertyValue</message>
  <nestedLevel>1</nestedLevel>
  <property name="startLine">30</property>
  <property name="stepIndex">6</property>
</record>
<record>
  <date>2018-12-19T17:12:54</date>
  <millis>1545214374899</millis>
  <sequence>113</sequence>
  <level>INFO</level>
  <class>com.kms.katalon.core.logging.KeywordLogger</class>
  <method>logMessage</method>
  <thread>1</thread>
  <message>Checking response object</message>
  <nestedLevel>1</nestedLevel>
</record>
<record>
  <date>2018-12-19T17:12:54</date>
  <millis>1545214374911</millis>
  <sequence>114</sequence>
  <level>PASSED</level>
  <class>com.kms.katalon.core.logging.KeywordLogger</class>
  <method>logMessage</method>
  <thread>1</thread>
  <message>Verify element property value successfully</message>
  <nestedLevel>1</nestedLevel>
</record>
<record>
  <date>2018-12-19T17:12:54</date>
  <millis>1545214374912</millis>
  <sequence>115</sequence>
  <level>END</level>
  <class>com.kms.katalon.core.logging.KeywordLogger</class>
  <method>endKeyword</method>
  <thread>1</thread>
  <message>End action : verifyElementPropertyValue</message>
  <nestedLevel>1</nestedLevel>
</record>
<record>
  <date>2018-12-19T17:12:54</date>
  <millis>1545214374912</millis>
  <sequence>116</sequence>
  <level>START</level>
  <class>com.kms.katalon.core.logging.KeywordLogger</class>
  <method>startKeyword</method>
  <thread>1</thread>
  <message>Start action : verifyElementPropertyValue</message>
  <nestedLevel>1</nestedLevel>
  <property name="startLine">32</property>
  <property name="stepIndex">7</property>
</record>
<record>
  <date>2018-12-19T17:12:54</date>
  <millis>1545214374913</millis>
  <sequence>117</sequence>
  <level>INFO</level>
  <class>com.kms.katalon.core.logging.KeywordLogger</class>
  <method>logMessage</method>
  <thread>1</thread>
  <message>Checking response object</message>
  <nestedLevel>1</nestedLevel>
</record>
<record>
  <date>2018-12-19T17:12:54</date>
  <millis>1545214374925</millis>
  <sequence>118</sequence>
  <level>PASSED</level>
  <class>com.kms.katalon.core.logging.KeywordLogger</class>
  <method>logMessage</method>
  <thread>1</thread>
  <message>Verify element property value successfully</message>
  <nestedLevel>1</nestedLevel>
</record>
<record>
  <date>2018-12-19T17:12:54</date>
  <millis>1545214374925</millis>
  <sequence>119</sequence>
  <level>END</level>
  <class>com.kms.katalon.core.logging.KeywordLogger</class>
  <method>endKeyword</method>
  <thread>1</thread>
  <message>End action : verifyElementPropertyValue</message>
  <nestedLevel>1</nestedLevel>
</record>
<record>
  <date>2018-12-19T17:12:54</date>
  <millis>1545214374926</millis>
  <sequence>120</sequence>
  <level>START</level>
  <class>com.kms.katalon.core.logging.KeywordLogger</class>
  <method>startKeyword</method>
  <thread>1</thread>
  <message>Start action : Statement - responseUser = com.kms.katalon.core.webservice.keyword.WSBuiltInKeywords.sendRequest(com.kms.katalon.core.testobject.ObjectRepository.findTestObject(Web Service Object/Product Name/Chain_API/RESTful/reqres/GET_single_user, [URL:internal.GlobalVariable.G_reqres_URL, user_id:user_id]))</message>
  <nestedLevel>1</nestedLevel>
  <property name="startLine">34</property>
  <property name="stepIndex">8</property>
</record>
<record>
  <date>2018-12-19T17:12:54</date>
  <millis>1545214374926</millis>
  <sequence>121</sequence>
  <level>INFO</level>
  <class>com.kms.katalon.core.logging.KeywordLogger</class>
  <method>logMessage</method>
  <thread>1</thread>
  <message>Finding Test Object with id &amp;apos;Object Repository/Web Service Object/Product Name/Chain_API/RESTful/reqres/GET_single_user&amp;apos;</message>
  <nestedLevel>1</nestedLevel>
</record>
<record>
  <date>2018-12-19T17:12:54</date>
  <millis>1545214374930</millis>
  <sequence>122</sequence>
  <level>INFO</level>
  <class>com.kms.katalon.core.logging.KeywordLogger</class>
  <method>logMessage</method>
  <thread>1</thread>
  <message>Checking request object</message>
  <nestedLevel>1</nestedLevel>
</record>
<record>
  <date>2018-12-19T17:12:55</date>
  <millis>1545214375614</millis>
  <sequence>123</sequence>
  <level>PASSED</level>
  <class>com.kms.katalon.core.logging.KeywordLogger</class>
  <method>logMessage</method>
  <thread>1</thread>
  <message>Send request successfully</message>
  <nestedLevel>1</nestedLevel>
</record>
<record>
  <date>2018-12-19T17:12:55</date>
  <millis>1545214375615</millis>
  <sequence>124</sequence>
  <level>END</level>
  <class>com.kms.katalon.core.logging.KeywordLogger</class>
  <method>endKeyword</method>
  <thread>1</thread>
  <message>End action : Statement - responseUser = com.kms.katalon.core.webservice.keyword.WSBuiltInKeywords.sendRequest(com.kms.katalon.core.testobject.ObjectRepository.findTestObject(Web Service Object/Product Name/Chain_API/RESTful/reqres/GET_single_user, [URL:internal.GlobalVariable.G_reqres_URL, user_id:user_id]))</message>
  <nestedLevel>1</nestedLevel>
</record>
<record>
  <date>2018-12-19T17:12:55</date>
  <millis>1545214375616</millis>
  <sequence>125</sequence>
  <level>START</level>
  <class>com.kms.katalon.core.logging.KeywordLogger</class>
  <method>startKeyword</method>
  <thread>1</thread>
  <message>Start action : verifyResponseStatusCode</message>
  <nestedLevel>1</nestedLevel>
  <property name="startLine">38</property>
  <property name="stepIndex">9</property>
  <property name="description">Verify Status Code</property>
</record>
<record>
  <date>2018-12-19T17:12:55</date>
  <millis>1545214375617</millis>
  <sequence>126</sequence>
  <level>INFO</level>
  <class>com.kms.katalon.core.logging.KeywordLogger</class>
  <method>logMessage</method>
  <thread>1</thread>
  <message>Checking response object</message>
  <nestedLevel>1</nestedLevel>
</record>
<record>
  <date>2018-12-19T17:12:55</date>
  <millis>1545214375618</millis>
  <sequence>127</sequence>
  <level>PASSED</level>
  <class>com.kms.katalon.core.logging.KeywordLogger</class>
  <method>logMessage</method>
  <thread>1</thread>
  <message>Verify response status code successfully</message>
  <nestedLevel>1</nestedLevel>
</record>
<record>
  <date>2018-12-19T17:12:55</date>
  <millis>1545214375620</millis>
  <sequence>128</sequence>
  <level>END</level>
  <class>com.kms.katalon.core.logging.KeywordLogger</class>
  <method>endKeyword</method>
  <thread>1</thread>
  <message>End action : verifyResponseStatusCode</message>
  <nestedLevel>1</nestedLevel>
</record>
<record>
  <date>2018-12-19T17:12:55</date>
  <millis>1545214375620</millis>
  <sequence>129</sequence>
  <level>START</level>
  <class>com.kms.katalon.core.logging.KeywordLogger</class>
  <method>startKeyword</method>
  <thread>1</thread>
  <message>Start action : verifyElementPropertyValue</message>
  <nestedLevel>1</nestedLevel>
  <property name="startLine">42</property>
  <property name="stepIndex">10</property>
  <property name="description">Verify response result of single user API</property>
</record>
<record>
  <date>2018-12-19T17:12:55</date>
  <millis>1545214375621</millis>
  <sequence>130</sequence>
  <level>INFO</level>
  <class>com.kms.katalon.core.logging.KeywordLogger</class>
  <method>logMessage</method>
  <thread>1</thread>
  <message>Checking response object</message>
  <nestedLevel>1</nestedLevel>
</record>
<record>
  <date>2018-12-19T17:12:55</date>
  <millis>1545214375646</millis>
  <sequence>131</sequence>
  <level>PASSED</level>
  <class>com.kms.katalon.core.logging.KeywordLogger</class>
  <method>logMessage</method>
  <thread>1</thread>
  <message>Verify element property value successfully</message>
  <nestedLevel>1</nestedLevel>
</record>
<record>
  <date>2018-12-19T17:12:55</date>
  <millis>1545214375647</millis>
  <sequence>132</sequence>
  <level>END</level>
  <class>com.kms.katalon.core.logging.KeywordLogger</class>
  <method>endKeyword</method>
  <thread>1</thread>
  <message>End action : verifyElementPropertyValue</message>
  <nestedLevel>1</nestedLevel>
</record>
<record>
  <date>2018-12-19T17:12:55</date>
  <millis>1545214375647</millis>
  <sequence>133</sequence>
  <level>START</level>
  <class>com.kms.katalon.core.logging.KeywordLogger</class>
  <method>startKeyword</method>
  <thread>1</thread>
  <message>Start action : verifyElementPropertyValue</message>
  <nestedLevel>1</nestedLevel>
  <property name="startLine">44</property>
  <property name="stepIndex">11</property>
</record>
<record>
  <date>2018-12-19T17:12:55</date>
  <millis>1545214375648</millis>
  <sequence>134</sequence>
  <level>INFO</level>
  <class>com.kms.katalon.core.logging.KeywordLogger</class>
  <method>logMessage</method>
  <thread>1</thread>
  <message>Checking response object</message>
  <nestedLevel>1</nestedLevel>
</record>
<record>
  <date>2018-12-19T17:12:55</date>
  <millis>1545214375667</millis>
  <sequence>135</sequence>
  <level>PASSED</level>
  <class>com.kms.katalon.core.logging.KeywordLogger</class>
  <method>logMessage</method>
  <thread>1</thread>
  <message>Verify element property value successfully</message>
  <nestedLevel>1</nestedLevel>
</record>
<record>
  <date>2018-12-19T17:12:55</date>
  <millis>1545214375667</millis>
  <sequence>136</sequence>
  <level>END</level>
  <class>com.kms.katalon.core.logging.KeywordLogger</class>
  <method>endKeyword</method>
  <thread>1</thread>
  <message>End action : verifyElementPropertyValue</message>
  <nestedLevel>1</nestedLevel>
</record>
<record>
  <date>2018-12-19T17:12:55</date>
  <millis>1545214375668</millis>
  <sequence>137</sequence>
  <level>START</level>
  <class>com.kms.katalon.core.logging.KeywordLogger</class>
  <method>startKeyword</method>
  <thread>1</thread>
  <message>Start action : verifyElementPropertyValue</message>
  <nestedLevel>1</nestedLevel>
  <property name="startLine">46</property>
  <property name="stepIndex">12</property>
</record>
<record>
  <date>2018-12-19T17:12:55</date>
  <millis>1545214375668</millis>
  <sequence>138</sequence>
  <level>INFO</level>
  <class>com.kms.katalon.core.logging.KeywordLogger</class>
  <method>logMessage</method>
  <thread>1</thread>
  <message>Checking response object</message>
  <nestedLevel>1</nestedLevel>
</record>
<record>
  <date>2018-12-19T17:12:55</date>
  <millis>1545214375681</millis>
  <sequence>139</sequence>
  <level>PASSED</level>
  <class>com.kms.katalon.core.logging.KeywordLogger</class>
  <method>logMessage</method>
  <thread>1</thread>
  <message>Verify element property value successfully</message>
  <nestedLevel>1</nestedLevel>
</record>
<record>
  <date>2018-12-19T17:12:55</date>
  <millis>1545214375681</millis>
  <sequence>140</sequence>
  <level>END</level>
  <class>com.kms.katalon.core.logging.KeywordLogger</class>
  <method>endKeyword</method>
  <thread>1</thread>
  <message>End action : verifyElementPropertyValue</message>
  <nestedLevel>1</nestedLevel>
</record>
<record>
  <date>2018-12-19T17:12:55</date>
  <millis>1545214375682</millis>
  <sequence>141</sequence>
  <level>START</level>
  <class>com.kms.katalon.core.logging.KeywordLogger</class>
  <method>startKeyword</method>
  <thread>1</thread>
  <message>Start action : verifyElementPropertyValue</message>
  <nestedLevel>1</nestedLevel>
  <property name="startLine">48</property>
  <property name="stepIndex">13</property>
</record>
<record>
  <date>2018-12-19T17:12:55</date>
  <millis>1545214375683</millis>
  <sequence>142</sequence>
  <level>INFO</level>
  <class>com.kms.katalon.core.logging.KeywordLogger</class>
  <method>logMessage</method>
  <thread>1</thread>
  <message>Checking response object</message>
  <nestedLevel>1</nestedLevel>
</record>
<record>
  <date>2018-12-19T17:12:55</date>
  <millis>1545214375699</millis>
  <sequence>143</sequence>
  <level>PASSED</level>
  <class>com.kms.katalon.core.logging.KeywordLogger</class>
  <method>logMessage</method>
  <thread>1</thread>
  <message>Verify element property value successfully</message>
  <nestedLevel>1</nestedLevel>
</record>
<record>
  <date>2018-12-19T17:12:55</date>
  <millis>1545214375699</millis>
  <sequence>144</sequence>
  <level>END</level>
  <class>com.kms.katalon.core.logging.KeywordLogger</class>
  <method>endKeyword</method>
  <thread>1</thread>
  <message>End action : verifyElementPropertyValue</message>
  <nestedLevel>1</nestedLevel>
</record>
<record>
  <date>2018-12-19T17:12:55</date>
  <millis>1545214375699</millis>
  <sequence>145</sequence>
  <level>PASSED</level>
  <class>com.kms.katalon.core.logging.KeywordLogger</class>
  <method>logMessage</method>
  <thread>1</thread>
  <message>Test Cases/Main Cases/Product Name/API/reqres/TC003_API_reqres_ChainAPI_users_validation_(using Test Data)</message>
  <nestedLevel>1</nestedLevel>
</record>
<record>
  <date>2018-12-19T17:12:55</date>
  <millis>1545214375700</millis>
  <sequence>146</sequence>
  <level>START</level>
  <class>com.kms.katalon.core.logging.KeywordLogger</class>
  <method>startKeyword</method>
  <thread>1</thread>
  <message>Start listener action : afterTestCase</message>
  <nestedLevel>1</nestedLevel>
</record>
<record>
  <date>2018-12-19T17:12:55</date>
  <millis>1545214375700</millis>
  <sequence>147</sequence>
  <level>INFO</level>
  <class>com.kms.katalon.core.logging.KeywordLogger</class>
  <method>logMessage</method>
  <thread>1</thread>
  <message>Starting invoke &amp;apos;com.kms.katalon.core.annotation.AfterTestCase&amp;apos; method: &amp;apos;TestCaseListener.afterTestCase(...)&amp;apos;</message>
  <nestedLevel>1</nestedLevel>
</record>
<record>
  <date>2018-12-19T17:12:55</date>
  <millis>1545214375700</millis>
  <sequence>148</sequence>
  <level>INFO</level>
  <class>com.kms.katalon.core.logging.KeywordLogger</class>
  <method>logMessage</method>
  <thread>1</thread>
  <message>Invoke &amp;apos;com.kms.katalon.core.annotation.AfterTestCase&amp;apos; method: &amp;apos;TestCaseListener.afterTestCase(...)&amp;apos; completed.</message>
  <nestedLevel>1</nestedLevel>
</record>
<record>
  <date>2018-12-19T17:12:55</date>
  <millis>1545214375700</millis>
  <sequence>149</sequence>
  <level>END</level>
  <class>com.kms.katalon.core.logging.KeywordLogger</class>
  <method>endKeyword</method>
  <thread>1</thread>
  <message>End listener action : afterTestCase</message>
  <nestedLevel>1</nestedLevel>
</record>
<record>
  <date>2018-12-19T17:12:55</date>
  <millis>1545214375701</millis>
  <sequence>150</sequence>
  <level>END</level>
  <class>com.kms.katalon.core.logging.KeywordLogger</class>
  <method>endTest</method>
  <thread>1</thread>
  <message>End Test Case : Test Cases/Main Cases/Product Name/API/reqres/TC003_API_reqres_ChainAPI_users_validation_(using Test Data)</message>
  <nestedLevel>0</nestedLevel>
</record>
<record>
  <date>2018-12-19T17:12:55</date>
  <millis>1545214375703</millis>
  <sequence>151</sequence>
  <level>START</level>
  <class>com.kms.katalon.core.logging.KeywordLogger</class>
  <method>startTest</method>
  <thread>1</thread>
  <message>Start Test Case : Test Cases/Main Cases/Product Name/API/reqres/TC003_API_reqres_ChainAPI_users_validation_(using Test Data)</message>
  <nestedLevel>1</nestedLevel>
  <property name="name">Test Cases/Main Cases/Product Name/API/reqres/TC003_API_reqres_ChainAPI_users_validation_(using Test Data)</property>
  <property name="description"></property>
  <property name="id">Test Cases/Main Cases/Product Name/API/reqres/TC003_API_reqres_ChainAPI_users_validation_(using Test Data)</property>
  <property name="source">C:\\Users\\hungtran\\git\\demo-training\\Test Cases\\Main Cases\\Product Name\\API\\reqres\\TC003_API_reqres_ChainAPI_users_validation_(using Test Data).tc</property>
  <property name="isOptional">false</property>
</record>
<record>
  <date>2018-12-19T17:12:55</date>
  <millis>1545214375710</millis>
  <sequence>152</sequence>
  <level>INFO</level>
  <class>com.kms.katalon.core.logging.KeywordLogger</class>
  <method>logMessage</method>
  <thread>1</thread>
  <message>Evaluating variables for test case</message>
  <nestedLevel>1</nestedLevel>
</record>
<record>
  <date>2018-12-19T17:12:55</date>
  <millis>1545214375711</millis>
  <sequence>153</sequence>
  <level>INFO</level>
  <class>com.kms.katalon.core.logging.KeywordLogger</class>
  <method>logMessage</method>
  <thread>1</thread>
  <message>Variable &amp;apos;page&amp;apos; is set to 1</message>
  <nestedLevel>1</nestedLevel>
</record>
<record>
  <date>2018-12-19T17:12:55</date>
  <millis>1545214375711</millis>
  <sequence>154</sequence>
  <level>INFO</level>
  <class>com.kms.katalon.core.logging.KeywordLogger</class>
  <method>logMessage</method>
  <thread>1</thread>
  <message>Variable &amp;apos;per_page&amp;apos; is set to 3</message>
  <nestedLevel>1</nestedLevel>
</record>
<record>
  <date>2018-12-19T17:12:55</date>
  <millis>1545214375711</millis>
  <sequence>155</sequence>
  <level>INFO</level>
  <class>com.kms.katalon.core.logging.KeywordLogger</class>
  <method>logMessage</method>
  <thread>1</thread>
  <message>Variable &amp;apos;user_id&amp;apos; is set to 3</message>
  <nestedLevel>1</nestedLevel>
</record>
<record>
  <date>2018-12-19T17:12:55</date>
  <millis>1545214375711</millis>
  <sequence>156</sequence>
  <level>INFO</level>
  <class>com.kms.katalon.core.logging.KeywordLogger</class>
  <method>logMessage</method>
  <thread>1</thread>
  <message>Variable &amp;apos;first_name&amp;apos; is set to Emma</message>
  <nestedLevel>1</nestedLevel>
</record>
<record>
  <date>2018-12-19T17:12:55</date>
  <millis>1545214375711</millis>
  <sequence>157</sequence>
  <level>INFO</level>
  <class>com.kms.katalon.core.logging.KeywordLogger</class>
  <method>logMessage</method>
  <thread>1</thread>
  <message>Variable &amp;apos;last_name&amp;apos; is set to Wong</message>
  <nestedLevel>1</nestedLevel>
</record>
<record>
  <date>2018-12-19T17:12:55</date>
  <millis>1545214375712</millis>
  <sequence>158</sequence>
  <level>INFO</level>
  <class>com.kms.katalon.core.logging.KeywordLogger</class>
  <method>logMessage</method>
  <thread>1</thread>
  <message>Variable &amp;apos;avatar&amp;apos; is set to https://s3.amazonaws.com/uifaces/faces/twitter/olegpogodaev/128.jpg</message>
  <nestedLevel>1</nestedLevel>
</record>
<record>
  <date>2018-12-19T17:12:55</date>
  <millis>1545214375712</millis>
  <sequence>159</sequence>
  <level>INFO</level>
  <class>com.kms.katalon.core.logging.KeywordLogger</class>
  <method>logMessage</method>
  <thread>1</thread>
  <message>Variable &amp;apos;pos&amp;apos; is set to 2</message>
  <nestedLevel>1</nestedLevel>
</record>
<record>
  <date>2018-12-19T17:12:55</date>
  <millis>1545214375712</millis>
  <sequence>160</sequence>
  <level>START</level>
  <class>com.kms.katalon.core.logging.KeywordLogger</class>
  <method>startKeyword</method>
  <thread>1</thread>
  <message>Start listener action : beforeTestCase</message>
  <nestedLevel>1</nestedLevel>
</record>
<record>
  <date>2018-12-19T17:12:55</date>
  <millis>1545214375712</millis>
  <sequence>161</sequence>
  <level>INFO</level>
  <class>com.kms.katalon.core.logging.KeywordLogger</class>
  <method>logMessage</method>
  <thread>1</thread>
  <message>Starting invoke &amp;apos;com.kms.katalon.core.annotation.BeforeTestCase&amp;apos; method: &amp;apos;TestCaseListener.beforeTestCase(...)&amp;apos;</message>
  <nestedLevel>1</nestedLevel>
</record>
<record>
  <date>2018-12-19T17:12:55</date>
  <millis>1545214375713</millis>
  <sequence>162</sequence>
  <level>INFO</level>
  <class>com.kms.katalon.core.logging.KeywordLogger</class>
  <method>logMessage</method>
  <thread>1</thread>
  <message>Invoke &amp;apos;com.kms.katalon.core.annotation.BeforeTestCase&amp;apos; method: &amp;apos;TestCaseListener.beforeTestCase(...)&amp;apos; completed.</message>
  <nestedLevel>1</nestedLevel>
</record>
<record>
  <date>2018-12-19T17:12:55</date>
  <millis>1545214375713</millis>
  <sequence>163</sequence>
  <level>END</level>
  <class>com.kms.katalon.core.logging.KeywordLogger</class>
  <method>endKeyword</method>
  <thread>1</thread>
  <message>End listener action : beforeTestCase</message>
  <nestedLevel>1</nestedLevel>
</record>
<record>
  <date>2018-12-19T17:12:55</date>
  <millis>1545214375714</millis>
  <sequence>164</sequence>
  <level>START</level>
  <class>com.kms.katalon.core.logging.KeywordLogger</class>
  <method>startKeyword</method>
  <thread>1</thread>
  <message>Start action : Statement - responseListUsers = com.kms.katalon.core.webservice.keyword.WSBuiltInKeywords.sendRequest(com.kms.katalon.core.testobject.ObjectRepository.findTestObject(Web Service Object/Product Name/Chain_API/RESTful/reqres/GET_list_users, [URL:internal.GlobalVariable.G_reqres_URL, page:page]))</message>
  <nestedLevel>1</nestedLevel>
  <property name="startLine">17</property>
  <property name="stepIndex">1</property>
</record>
<record>
  <date>2018-12-19T17:12:55</date>
  <millis>1545214375714</millis>
  <sequence>165</sequence>
  <level>INFO</level>
  <class>com.kms.katalon.core.logging.KeywordLogger</class>
  <method>logMessage</method>
  <thread>1</thread>
  <message>Finding Test Object with id &amp;apos;Object Repository/Web Service Object/Product Name/Chain_API/RESTful/reqres/GET_list_users&amp;apos;</message>
  <nestedLevel>1</nestedLevel>
</record>
<record>
  <date>2018-12-19T17:12:55</date>
  <millis>1545214375719</millis>
  <sequence>166</sequence>
  <level>INFO</level>
  <class>com.kms.katalon.core.logging.KeywordLogger</class>
  <method>logMessage</method>
  <thread>1</thread>
  <message>Checking request object</message>
  <nestedLevel>1</nestedLevel>
</record>
<record>
  <date>2018-12-19T17:12:56</date>
  <millis>1545214376153</millis>
  <sequence>167</sequence>
  <level>PASSED</level>
  <class>com.kms.katalon.core.logging.KeywordLogger</class>
  <method>logMessage</method>
  <thread>1</thread>
  <message>Send request successfully</message>
  <nestedLevel>1</nestedLevel>
</record>
<record>
  <date>2018-12-19T17:12:56</date>
  <millis>1545214376154</millis>
  <sequence>168</sequence>
  <level>END</level>
  <class>com.kms.katalon.core.logging.KeywordLogger</class>
  <method>endKeyword</method>
  <thread>1</thread>
  <message>End action : Statement - responseListUsers = com.kms.katalon.core.webservice.keyword.WSBuiltInKeywords.sendRequest(com.kms.katalon.core.testobject.ObjectRepository.findTestObject(Web Service Object/Product Name/Chain_API/RESTful/reqres/GET_list_users, [URL:internal.GlobalVariable.G_reqres_URL, page:page]))</message>
  <nestedLevel>1</nestedLevel>
</record>
<record>
  <date>2018-12-19T17:12:56</date>
  <millis>1545214376154</millis>
  <sequence>169</sequence>
  <level>START</level>
  <class>com.kms.katalon.core.logging.KeywordLogger</class>
  <method>startKeyword</method>
  <thread>1</thread>
  <message>Start action : verifyResponseStatusCode</message>
  <nestedLevel>1</nestedLevel>
  <property name="startLine">21</property>
  <property name="stepIndex">2</property>
  <property name="description">Verify Status Code</property>
</record>
<record>
  <date>2018-12-19T17:12:56</date>
  <millis>1545214376156</millis>
  <sequence>170</sequence>
  <level>INFO</level>
  <class>com.kms.katalon.core.logging.KeywordLogger</class>
  <method>logMessage</method>
  <thread>1</thread>
  <message>Checking response object</message>
  <nestedLevel>1</nestedLevel>
</record>
<record>
  <date>2018-12-19T17:12:56</date>
  <millis>1545214376158</millis>
  <sequence>171</sequence>
  <level>PASSED</level>
  <class>com.kms.katalon.core.logging.KeywordLogger</class>
  <method>logMessage</method>
  <thread>1</thread>
  <message>Verify response status code successfully</message>
  <nestedLevel>1</nestedLevel>
</record>
<record>
  <date>2018-12-19T17:12:56</date>
  <millis>1545214376159</millis>
  <sequence>172</sequence>
  <level>END</level>
  <class>com.kms.katalon.core.logging.KeywordLogger</class>
  <method>endKeyword</method>
  <thread>1</thread>
  <message>End action : verifyResponseStatusCode</message>
  <nestedLevel>1</nestedLevel>
</record>
<record>
  <date>2018-12-19T17:12:56</date>
  <millis>1545214376159</millis>
  <sequence>173</sequence>
  <level>START</level>
  <class>com.kms.katalon.core.logging.KeywordLogger</class>
  <method>startKeyword</method>
  <thread>1</thread>
  <message>Start action : verifyElementPropertyValue</message>
  <nestedLevel>1</nestedLevel>
  <property name="startLine">24</property>
  <property name="stepIndex">3</property>
  <property name="description">Verify response result of users API</property>
</record>
<record>
  <date>2018-12-19T17:12:56</date>
  <millis>1545214376160</millis>
  <sequence>174</sequence>
  <level>INFO</level>
  <class>com.kms.katalon.core.logging.KeywordLogger</class>
  <method>logMessage</method>
  <thread>1</thread>
  <message>Checking response object</message>
  <nestedLevel>1</nestedLevel>
</record>
<record>
  <date>2018-12-19T17:12:56</date>
  <millis>1545214376184</millis>
  <sequence>175</sequence>
  <level>PASSED</level>
  <class>com.kms.katalon.core.logging.KeywordLogger</class>
  <method>logMessage</method>
  <thread>1</thread>
  <message>Verify element property value successfully</message>
  <nestedLevel>1</nestedLevel>
</record>
<record>
  <date>2018-12-19T17:12:56</date>
  <millis>1545214376185</millis>
  <sequence>176</sequence>
  <level>END</level>
  <class>com.kms.katalon.core.logging.KeywordLogger</class>
  <method>endKeyword</method>
  <thread>1</thread>
  <message>End action : verifyElementPropertyValue</message>
  <nestedLevel>1</nestedLevel>
</record>
<record>
  <date>2018-12-19T17:12:56</date>
  <millis>1545214376185</millis>
  <sequence>177</sequence>
  <level>START</level>
  <class>com.kms.katalon.core.logging.KeywordLogger</class>
  <method>startKeyword</method>
  <thread>1</thread>
  <message>Start action : verifyElementPropertyValue</message>
  <nestedLevel>1</nestedLevel>
  <property name="startLine">26</property>
  <property name="stepIndex">4</property>
</record>
<record>
  <date>2018-12-19T17:12:56</date>
  <millis>1545214376186</millis>
  <sequence>178</sequence>
  <level>INFO</level>
  <class>com.kms.katalon.core.logging.KeywordLogger</class>
  <method>logMessage</method>
  <thread>1</thread>
  <message>Checking response object</message>
  <nestedLevel>1</nestedLevel>
</record>
<record>
  <date>2018-12-19T17:12:56</date>
  <millis>1545214376204</millis>
  <sequence>179</sequence>
  <level>PASSED</level>
  <class>com.kms.katalon.core.logging.KeywordLogger</class>
  <method>logMessage</method>
  <thread>1</thread>
  <message>Verify element property value successfully</message>
  <nestedLevel>1</nestedLevel>
</record>
<record>
  <date>2018-12-19T17:12:56</date>
  <millis>1545214376205</millis>
  <sequence>180</sequence>
  <level>END</level>
  <class>com.kms.katalon.core.logging.KeywordLogger</class>
  <method>endKeyword</method>
  <thread>1</thread>
  <message>End action : verifyElementPropertyValue</message>
  <nestedLevel>1</nestedLevel>
</record>
<record>
  <date>2018-12-19T17:12:56</date>
  <millis>1545214376205</millis>
  <sequence>181</sequence>
  <level>START</level>
  <class>com.kms.katalon.core.logging.KeywordLogger</class>
  <method>startKeyword</method>
  <thread>1</thread>
  <message>Start action : verifyElementPropertyValue</message>
  <nestedLevel>1</nestedLevel>
  <property name="startLine">28</property>
  <property name="stepIndex">5</property>
</record>
<record>
  <date>2018-12-19T17:12:56</date>
  <millis>1545214376205</millis>
  <sequence>182</sequence>
  <level>INFO</level>
  <class>com.kms.katalon.core.logging.KeywordLogger</class>
  <method>logMessage</method>
  <thread>1</thread>
  <message>Checking response object</message>
  <nestedLevel>1</nestedLevel>
</record>
<record>
  <date>2018-12-19T17:12:56</date>
  <millis>1545214376218</millis>
  <sequence>183</sequence>
  <level>PASSED</level>
  <class>com.kms.katalon.core.logging.KeywordLogger</class>
  <method>logMessage</method>
  <thread>1</thread>
  <message>Verify element property value successfully</message>
  <nestedLevel>1</nestedLevel>
</record>
<record>
  <date>2018-12-19T17:12:56</date>
  <millis>1545214376218</millis>
  <sequence>184</sequence>
  <level>END</level>
  <class>com.kms.katalon.core.logging.KeywordLogger</class>
  <method>endKeyword</method>
  <thread>1</thread>
  <message>End action : verifyElementPropertyValue</message>
  <nestedLevel>1</nestedLevel>
</record>
<record>
  <date>2018-12-19T17:12:56</date>
  <millis>1545214376218</millis>
  <sequence>185</sequence>
  <level>START</level>
  <class>com.kms.katalon.core.logging.KeywordLogger</class>
  <method>startKeyword</method>
  <thread>1</thread>
  <message>Start action : verifyElementPropertyValue</message>
  <nestedLevel>1</nestedLevel>
  <property name="startLine">30</property>
  <property name="stepIndex">6</property>
</record>
<record>
  <date>2018-12-19T17:12:56</date>
  <millis>1545214376219</millis>
  <sequence>186</sequence>
  <level>INFO</level>
  <class>com.kms.katalon.core.logging.KeywordLogger</class>
  <method>logMessage</method>
  <thread>1</thread>
  <message>Checking response object</message>
  <nestedLevel>1</nestedLevel>
</record>
<record>
  <date>2018-12-19T17:12:56</date>
  <millis>1545214376231</millis>
  <sequence>187</sequence>
  <level>PASSED</level>
  <class>com.kms.katalon.core.logging.KeywordLogger</class>
  <method>logMessage</method>
  <thread>1</thread>
  <message>Verify element property value successfully</message>
  <nestedLevel>1</nestedLevel>
</record>
<record>
  <date>2018-12-19T17:12:56</date>
  <millis>1545214376232</millis>
  <sequence>188</sequence>
  <level>END</level>
  <class>com.kms.katalon.core.logging.KeywordLogger</class>
  <method>endKeyword</method>
  <thread>1</thread>
  <message>End action : verifyElementPropertyValue</message>
  <nestedLevel>1</nestedLevel>
</record>
<record>
  <date>2018-12-19T17:12:56</date>
  <millis>1545214376233</millis>
  <sequence>189</sequence>
  <level>START</level>
  <class>com.kms.katalon.core.logging.KeywordLogger</class>
  <method>startKeyword</method>
  <thread>1</thread>
  <message>Start action : verifyElementPropertyValue</message>
  <nestedLevel>1</nestedLevel>
  <property name="startLine">32</property>
  <property name="stepIndex">7</property>
</record>
<record>
  <date>2018-12-19T17:12:56</date>
  <millis>1545214376233</millis>
  <sequence>190</sequence>
  <level>INFO</level>
  <class>com.kms.katalon.core.logging.KeywordLogger</class>
  <method>logMessage</method>
  <thread>1</thread>
  <message>Checking response object</message>
  <nestedLevel>1</nestedLevel>
</record>
<record>
  <date>2018-12-19T17:12:56</date>
  <millis>1545214376246</millis>
  <sequence>191</sequence>
  <level>PASSED</level>
  <class>com.kms.katalon.core.logging.KeywordLogger</class>
  <method>logMessage</method>
  <thread>1</thread>
  <message>Verify element property value successfully</message>
  <nestedLevel>1</nestedLevel>
</record>
<record>
  <date>2018-12-19T17:12:56</date>
  <millis>1545214376247</millis>
  <sequence>192</sequence>
  <level>END</level>
  <class>com.kms.katalon.core.logging.KeywordLogger</class>
  <method>endKeyword</method>
  <thread>1</thread>
  <message>End action : verifyElementPropertyValue</message>
  <nestedLevel>1</nestedLevel>
</record>
<record>
  <date>2018-12-19T17:12:56</date>
  <millis>1545214376247</millis>
  <sequence>193</sequence>
  <level>START</level>
  <class>com.kms.katalon.core.logging.KeywordLogger</class>
  <method>startKeyword</method>
  <thread>1</thread>
  <message>Start action : Statement - responseUser = com.kms.katalon.core.webservice.keyword.WSBuiltInKeywords.sendRequest(com.kms.katalon.core.testobject.ObjectRepository.findTestObject(Web Service Object/Product Name/Chain_API/RESTful/reqres/GET_single_user, [URL:internal.GlobalVariable.G_reqres_URL, user_id:user_id]))</message>
  <nestedLevel>1</nestedLevel>
  <property name="startLine">34</property>
  <property name="stepIndex">8</property>
</record>
<record>
  <date>2018-12-19T17:12:56</date>
  <millis>1545214376247</millis>
  <sequence>194</sequence>
  <level>INFO</level>
  <class>com.kms.katalon.core.logging.KeywordLogger</class>
  <method>logMessage</method>
  <thread>1</thread>
  <message>Finding Test Object with id &amp;apos;Object Repository/Web Service Object/Product Name/Chain_API/RESTful/reqres/GET_single_user&amp;apos;</message>
  <nestedLevel>1</nestedLevel>
</record>
<record>
  <date>2018-12-19T17:12:56</date>
  <millis>1545214376252</millis>
  <sequence>195</sequence>
  <level>INFO</level>
  <class>com.kms.katalon.core.logging.KeywordLogger</class>
  <method>logMessage</method>
  <thread>1</thread>
  <message>Checking request object</message>
  <nestedLevel>1</nestedLevel>
</record>
<record>
  <date>2018-12-19T17:12:56</date>
  <millis>1545214376876</millis>
  <sequence>196</sequence>
  <level>PASSED</level>
  <class>com.kms.katalon.core.logging.KeywordLogger</class>
  <method>logMessage</method>
  <thread>1</thread>
  <message>Send request successfully</message>
  <nestedLevel>1</nestedLevel>
</record>
<record>
  <date>2018-12-19T17:12:56</date>
  <millis>1545214376877</millis>
  <sequence>197</sequence>
  <level>END</level>
  <class>com.kms.katalon.core.logging.KeywordLogger</class>
  <method>endKeyword</method>
  <thread>1</thread>
  <message>End action : Statement - responseUser = com.kms.katalon.core.webservice.keyword.WSBuiltInKeywords.sendRequest(com.kms.katalon.core.testobject.ObjectRepository.findTestObject(Web Service Object/Product Name/Chain_API/RESTful/reqres/GET_single_user, [URL:internal.GlobalVariable.G_reqres_URL, user_id:user_id]))</message>
  <nestedLevel>1</nestedLevel>
</record>
<record>
  <date>2018-12-19T17:12:56</date>
  <millis>1545214376878</millis>
  <sequence>198</sequence>
  <level>START</level>
  <class>com.kms.katalon.core.logging.KeywordLogger</class>
  <method>startKeyword</method>
  <thread>1</thread>
  <message>Start action : verifyResponseStatusCode</message>
  <nestedLevel>1</nestedLevel>
  <property name="startLine">38</property>
  <property name="stepIndex">9</property>
  <property name="description">Verify Status Code</property>
</record>
<record>
  <date>2018-12-19T17:12:56</date>
  <millis>1545214376880</millis>
  <sequence>199</sequence>
  <level>INFO</level>
  <class>com.kms.katalon.core.logging.KeywordLogger</class>
  <method>logMessage</method>
  <thread>1</thread>
  <message>Checking response object</message>
  <nestedLevel>1</nestedLevel>
</record>
<record>
  <date>2018-12-19T17:12:56</date>
  <millis>1545214376881</millis>
  <sequence>200</sequence>
  <level>PASSED</level>
  <class>com.kms.katalon.core.logging.KeywordLogger</class>
  <method>logMessage</method>
  <thread>1</thread>
  <message>Verify response status code successfully</message>
  <nestedLevel>1</nestedLevel>
</record>
<record>
  <date>2018-12-19T17:12:56</date>
  <millis>1545214376882</millis>
  <sequence>201</sequence>
  <level>END</level>
  <class>com.kms.katalon.core.logging.KeywordLogger</class>
  <method>endKeyword</method>
  <thread>1</thread>
  <message>End action : verifyResponseStatusCode</message>
  <nestedLevel>1</nestedLevel>
</record>
<record>
  <date>2018-12-19T17:12:56</date>
  <millis>1545214376883</millis>
  <sequence>202</sequence>
  <level>START</level>
  <class>com.kms.katalon.core.logging.KeywordLogger</class>
  <method>startKeyword</method>
  <thread>1</thread>
  <message>Start action : verifyElementPropertyValue</message>
  <nestedLevel>1</nestedLevel>
  <property name="startLine">42</property>
  <property name="stepIndex">10</property>
  <property name="description">Verify response result of single user API</property>
</record>
<record>
  <date>2018-12-19T17:12:56</date>
  <millis>1545214376884</millis>
  <sequence>203</sequence>
  <level>INFO</level>
  <class>com.kms.katalon.core.logging.KeywordLogger</class>
  <method>logMessage</method>
  <thread>1</thread>
  <message>Checking response object</message>
  <nestedLevel>1</nestedLevel>
</record>
<record>
  <date>2018-12-19T17:12:56</date>
  <millis>1545214376924</millis>
  <sequence>204</sequence>
  <level>PASSED</level>
  <class>com.kms.katalon.core.logging.KeywordLogger</class>
  <method>logMessage</method>
  <thread>1</thread>
  <message>Verify element property value successfully</message>
  <nestedLevel>1</nestedLevel>
</record>
<record>
  <date>2018-12-19T17:12:56</date>
  <millis>1545214376925</millis>
  <sequence>205</sequence>
  <level>END</level>
  <class>com.kms.katalon.core.logging.KeywordLogger</class>
  <method>endKeyword</method>
  <thread>1</thread>
  <message>End action : verifyElementPropertyValue</message>
  <nestedLevel>1</nestedLevel>
</record>
<record>
  <date>2018-12-19T17:12:56</date>
  <millis>1545214376925</millis>
  <sequence>206</sequence>
  <level>START</level>
  <class>com.kms.katalon.core.logging.KeywordLogger</class>
  <method>startKeyword</method>
  <thread>1</thread>
  <message>Start action : verifyElementPropertyValue</message>
  <nestedLevel>1</nestedLevel>
  <property name="startLine">44</property>
  <property name="stepIndex">11</property>
</record>
<record>
  <date>2018-12-19T17:12:56</date>
  <millis>1545214376926</millis>
  <sequence>207</sequence>
  <level>INFO</level>
  <class>com.kms.katalon.core.logging.KeywordLogger</class>
  <method>logMessage</method>
  <thread>1</thread>
  <message>Checking response object</message>
  <nestedLevel>1</nestedLevel>
</record>
<record>
  <date>2018-12-19T17:12:56</date>
  <millis>1545214376944</millis>
  <sequence>208</sequence>
  <level>PASSED</level>
  <class>com.kms.katalon.core.logging.KeywordLogger</class>
  <method>logMessage</method>
  <thread>1</thread>
  <message>Verify element property value successfully</message>
  <nestedLevel>1</nestedLevel>
</record>
<record>
  <date>2018-12-19T17:12:56</date>
  <millis>1545214376944</millis>
  <sequence>209</sequence>
  <level>END</level>
  <class>com.kms.katalon.core.logging.KeywordLogger</class>
  <method>endKeyword</method>
  <thread>1</thread>
  <message>End action : verifyElementPropertyValue</message>
  <nestedLevel>1</nestedLevel>
</record>
<record>
  <date>2018-12-19T17:12:56</date>
  <millis>1545214376945</millis>
  <sequence>210</sequence>
  <level>START</level>
  <class>com.kms.katalon.core.logging.KeywordLogger</class>
  <method>startKeyword</method>
  <thread>1</thread>
  <message>Start action : verifyElementPropertyValue</message>
  <nestedLevel>1</nestedLevel>
  <property name="startLine">46</property>
  <property name="stepIndex">12</property>
</record>
<record>
  <date>2018-12-19T17:12:56</date>
  <millis>1545214376945</millis>
  <sequence>211</sequence>
  <level>INFO</level>
  <class>com.kms.katalon.core.logging.KeywordLogger</class>
  <method>logMessage</method>
  <thread>1</thread>
  <message>Checking response object</message>
  <nestedLevel>1</nestedLevel>
</record>
<record>
  <date>2018-12-19T17:12:56</date>
  <millis>1545214376961</millis>
  <sequence>212</sequence>
  <level>PASSED</level>
  <class>com.kms.katalon.core.logging.KeywordLogger</class>
  <method>logMessage</method>
  <thread>1</thread>
  <message>Verify element property value successfully</message>
  <nestedLevel>1</nestedLevel>
</record>
<record>
  <date>2018-12-19T17:12:56</date>
  <millis>1545214376961</millis>
  <sequence>213</sequence>
  <level>END</level>
  <class>com.kms.katalon.core.logging.KeywordLogger</class>
  <method>endKeyword</method>
  <thread>1</thread>
  <message>End action : verifyElementPropertyValue</message>
  <nestedLevel>1</nestedLevel>
</record>
<record>
  <date>2018-12-19T17:12:56</date>
  <millis>1545214376962</millis>
  <sequence>214</sequence>
  <level>START</level>
  <class>com.kms.katalon.core.logging.KeywordLogger</class>
  <method>startKeyword</method>
  <thread>1</thread>
  <message>Start action : verifyElementPropertyValue</message>
  <nestedLevel>1</nestedLevel>
  <property name="startLine">48</property>
  <property name="stepIndex">13</property>
</record>
<record>
  <date>2018-12-19T17:12:56</date>
  <millis>1545214376962</millis>
  <sequence>215</sequence>
  <level>INFO</level>
  <class>com.kms.katalon.core.logging.KeywordLogger</class>
  <method>logMessage</method>
  <thread>1</thread>
  <message>Checking response object</message>
  <nestedLevel>1</nestedLevel>
</record>
<record>
  <date>2018-12-19T17:12:56</date>
  <millis>1545214376974</millis>
  <sequence>216</sequence>
  <level>PASSED</level>
  <class>com.kms.katalon.core.logging.KeywordLogger</class>
  <method>logMessage</method>
  <thread>1</thread>
  <message>Verify element property value successfully</message>
  <nestedLevel>1</nestedLevel>
</record>
<record>
  <date>2018-12-19T17:12:56</date>
  <millis>1545214376974</millis>
  <sequence>217</sequence>
  <level>END</level>
  <class>com.kms.katalon.core.logging.KeywordLogger</class>
  <method>endKeyword</method>
  <thread>1</thread>
  <message>End action : verifyElementPropertyValue</message>
  <nestedLevel>1</nestedLevel>
</record>
<record>
  <date>2018-12-19T17:12:56</date>
  <millis>1545214376974</millis>
  <sequence>218</sequence>
  <level>PASSED</level>
  <class>com.kms.katalon.core.logging.KeywordLogger</class>
  <method>logMessage</method>
  <thread>1</thread>
  <message>Test Cases/Main Cases/Product Name/API/reqres/TC003_API_reqres_ChainAPI_users_validation_(using Test Data)</message>
  <nestedLevel>1</nestedLevel>
</record>
<record>
  <date>2018-12-19T17:12:56</date>
  <millis>1545214376975</millis>
  <sequence>219</sequence>
  <level>START</level>
  <class>com.kms.katalon.core.logging.KeywordLogger</class>
  <method>startKeyword</method>
  <thread>1</thread>
  <message>Start listener action : afterTestCase</message>
  <nestedLevel>1</nestedLevel>
</record>
<record>
  <date>2018-12-19T17:12:56</date>
  <millis>1545214376975</millis>
  <sequence>220</sequence>
  <level>INFO</level>
  <class>com.kms.katalon.core.logging.KeywordLogger</class>
  <method>logMessage</method>
  <thread>1</thread>
  <message>Starting invoke &amp;apos;com.kms.katalon.core.annotation.AfterTestCase&amp;apos; method: &amp;apos;TestCaseListener.afterTestCase(...)&amp;apos;</message>
  <nestedLevel>1</nestedLevel>
</record>
<record>
  <date>2018-12-19T17:12:56</date>
  <millis>1545214376975</millis>
  <sequence>221</sequence>
  <level>INFO</level>
  <class>com.kms.katalon.core.logging.KeywordLogger</class>
  <method>logMessage</method>
  <thread>1</thread>
  <message>Invoke &amp;apos;com.kms.katalon.core.annotation.AfterTestCase&amp;apos; method: &amp;apos;TestCaseListener.afterTestCase(...)&amp;apos; completed.</message>
  <nestedLevel>1</nestedLevel>
</record>
<record>
  <date>2018-12-19T17:12:56</date>
  <millis>1545214376975</millis>
  <sequence>222</sequence>
  <level>END</level>
  <class>com.kms.katalon.core.logging.KeywordLogger</class>
  <method>endKeyword</method>
  <thread>1</thread>
  <message>End listener action : afterTestCase</message>
  <nestedLevel>1</nestedLevel>
</record>
<record>
  <date>2018-12-19T17:12:56</date>
  <millis>1545214376976</millis>
  <sequence>223</sequence>
  <level>END</level>
  <class>com.kms.katalon.core.logging.KeywordLogger</class>
  <method>endTest</method>
  <thread>1</thread>
  <message>End Test Case : Test Cases/Main Cases/Product Name/API/reqres/TC003_API_reqres_ChainAPI_users_validation_(using Test Data)</message>
  <nestedLevel>0</nestedLevel>
</record>
<record>
  <date>2018-12-19T17:12:57</date>
  <millis>1545214377016</millis>
  <sequence>224</sequence>
  <level>END</level>
  <class>com.kms.katalon.core.logging.KeywordLogger</class>
  <method>endSuite</method>
  <thread>1</thread>
  <message>End Test Suite : Test Suites/Regression Execution/API/Verify common API</message>
  <nestedLevel>0</nestedLevel>
</record>
</log>
